This is pdfTeX, Version 3.14159265-2.6-1.40.16 (TeX Live 2015) (preloaded format=pdflatex 2016.3.11)  13 JUN 2016 13:23
entering extended mode
 restricted \write18 enabled.
 file:line:error style messages enabled.
 %&-line parsing enabled.
**beamerouterthemeTUKL.sty
(./beamerouterthemeTUKL.sty
LaTeX2e <2015/01/01>
Babel <3.9l> and hyphenation patterns for 79 languages loaded.

LaTeX Warning: You have requested package `',
               but the package provides `beamerouterthemeTUKL'.

Package: beamerouterthemeTUKL 2015/02/05 v0.92 beamer theme in the corporate de
sign of the University of Kaiserslautern
\footlineheight=\skip41
./beamerouterthemeTUKL.sty:20: Undefined control sequence.
l.20 \defbeamertemplate
                       *{footline}{TUKL}
? 
./beamerouterthemeTUKL.sty:20: Emergency stop.
l.20 \defbeamertemplate
                       *{footline}{TUKL}
End of file on the terminal!

 
Here is how much of TeX's memory you used:
 8 strings out of 493089
 202 string characters out of 6134842
 53199 words of memory out of 5000000
 3592 multiletter control sequences out of 15000+600000
 3640 words of font info for 14 fonts, out of 8000000 for 9000
 1141 hyphenation exceptions out of 8191
 7i,0n,12p,162b,10s stack positions out of 5000i,500n,10000p,200000b,80000s
./beamerouterthemeTUKL.sty:20:  ==> Fatal error occurred, no output PDF file pr
oduced!
