This is pdfTeX, Version 3.14159265-2.6-1.40.19 (TeX Live 2018) (preloaded format=pdflatex 2018.8.28)  7 AUG 2019 15:28
entering extended mode
 restricted \write18 enabled.
 %&-line parsing enabled.
**Fachpraktikum.tex
(./Fachpraktikum.tex
LaTeX2e <2018-04-01> patch level 5
(/users/soft/texlive/2018/texmf-dist/tex/latex/beamer/beamer.cls
Document Class: beamer 2018/08/22 v3.51 A class for typesetting presentations
(/users/soft/texlive/2018/texmf-dist/tex/latex/beamer/beamerbasemodes.sty
(/users/soft/texlive/2018/texmf-dist/tex/latex/etoolbox/etoolbox.sty
Package: etoolbox 2018/08/19 v2.5f e-TeX tools for LaTeX (JAW)
\etb@tempcnta=\count80
)
\beamer@tempbox=\box26
\beamer@tempcount=\count81
\c@beamerpauses=\count82

(/users/soft/texlive/2018/texmf-dist/tex/latex/beamer/beamerbasedecode.sty
\beamer@slideinframe=\count83
\beamer@minimum=\count84
)
\beamer@commentbox=\box27
\beamer@modecount=\count85
)
(/users/soft/texlive/2018/texmf-dist/tex/generic/oberdiek/ifpdf.sty
Package: ifpdf 2017/03/15 v3.2 Provides the ifpdf switch
)
\headdp=\dimen102
\footheight=\dimen103
\sidebarheight=\dimen104
\beamer@tempdim=\dimen105
\beamer@finalheight=\dimen106
\beamer@animht=\dimen107
\beamer@animdp=\dimen108
\beamer@animwd=\dimen109
\beamer@leftmargin=\dimen110
\beamer@rightmargin=\dimen111
\beamer@leftsidebar=\dimen112
\beamer@rightsidebar=\dimen113
\beamer@boxsize=\dimen114
\beamer@vboxoffset=\dimen115
\beamer@descdefault=\dimen116
\beamer@descriptionwidth=\dimen117
\beamer@lastskip=\skip41
\beamer@areabox=\box28
\beamer@animcurrent=\box29
\beamer@animshowbox=\box30
\beamer@sectionbox=\box31
\beamer@logobox=\box32
\beamer@linebox=\box33
\beamer@sectioncount=\count86
\beamer@subsubsectionmax=\count87
\beamer@subsectionmax=\count88
\beamer@sectionmax=\count89
\beamer@totalheads=\count90
\beamer@headcounter=\count91
\beamer@partstartpage=\count92
\beamer@sectionstartpage=\count93
\beamer@subsectionstartpage=\count94
\beamer@animationtempa=\count95
\beamer@animationtempb=\count96
\beamer@xpos=\count97
\beamer@ypos=\count98
\beamer@ypos@offset=\count99
\beamer@showpartnumber=\count100
\beamer@currentsubsection=\count101
\beamer@coveringdepth=\count102
\beamer@sectionadjust=\count103
\beamer@tocsectionnumber=\count104

(/users/soft/texlive/2018/texmf-dist/tex/latex/beamer/beamerbaseoptions.sty
(/users/soft/texlive/2018/texmf-dist/tex/latex/graphics/keyval.sty
Package: keyval 2014/10/28 v1.15 key=value parser (DPC)
\KV@toks@=\toks14
))
\beamer@paperwidth=\skip42
\beamer@paperheight=\skip43

(/users/soft/texlive/2018/texmf-dist/tex/latex/geometry/geometry.sty
Package: geometry 2018/04/16 v5.8 Page Geometry

(/users/soft/texlive/2018/texmf-dist/tex/generic/oberdiek/ifvtex.sty
Package: ifvtex 2016/05/16 v1.6 Detect VTeX and its facilities (HO)
Package ifvtex Info: VTeX not detected.
)
(/users/soft/texlive/2018/texmf-dist/tex/generic/ifxetex/ifxetex.sty
Package: ifxetex 2010/09/12 v0.6 Provides ifxetex conditional
)
\Gm@cnth=\count105
\Gm@cntv=\count106
\c@Gm@tempcnt=\count107
\Gm@bindingoffset=\dimen118
\Gm@wd@mp=\dimen119
\Gm@odd@mp=\dimen120
\Gm@even@mp=\dimen121
\Gm@layoutwidth=\dimen122
\Gm@layoutheight=\dimen123
\Gm@layouthoffset=\dimen124
\Gm@layoutvoffset=\dimen125
\Gm@dimlist=\toks15
)
(/users/soft/texlive/2018/texmf-dist/tex/latex/base/size10.clo
File: size10.clo 2014/09/29 v1.4h Standard LaTeX file (size option)
)
(/users/soft/texlive/2018/texmf-dist/tex/latex/pgf/basiclayer/pgfcore.sty
(/users/soft/texlive/2018/texmf-dist/tex/latex/graphics/graphicx.sty
Package: graphicx 2017/06/01 v1.1a Enhanced LaTeX Graphics (DPC,SPQR)

(/users/soft/texlive/2018/texmf-dist/tex/latex/graphics/graphics.sty
Package: graphics 2017/06/25 v1.2c Standard LaTeX Graphics (DPC,SPQR)

(/users/soft/texlive/2018/texmf-dist/tex/latex/graphics/trig.sty
Package: trig 2016/01/03 v1.10 sin cos tan (DPC)
)
(/users/soft/texlive/2018/texmf-dist/tex/latex/graphics-cfg/graphics.cfg
File: graphics.cfg 2016/06/04 v1.11 sample graphics configuration
)
Package graphics Info: Driver file: pdftex.def on input line 99.

(/users/soft/texlive/2018/texmf-dist/tex/latex/graphics-def/pdftex.def
File: pdftex.def 2018/01/08 v1.0l Graphics/color driver for pdftex
))
\Gin@req@height=\dimen126
\Gin@req@width=\dimen127
)
(/users/soft/texlive/2018/texmf-dist/tex/latex/pgf/systemlayer/pgfsys.sty
(/users/soft/texlive/2018/texmf-dist/tex/latex/pgf/utilities/pgfrcs.sty
(/users/soft/texlive/2018/texmf-dist/tex/generic/pgf/utilities/pgfutil-common.t
ex
\pgfutil@everybye=\toks16
\pgfutil@tempdima=\dimen128
\pgfutil@tempdimb=\dimen129

(/users/soft/texlive/2018/texmf-dist/tex/generic/pgf/utilities/pgfutil-common-l
ists.tex))
(/users/soft/texlive/2018/texmf-dist/tex/generic/pgf/utilities/pgfutil-latex.de
f
\pgfutil@abb=\box34
 (/users/soft/texlive/2018/texmf-dist/tex/latex/ms/everyshi.sty
Package: everyshi 2001/05/15 v3.00 EveryShipout Package (MS)
))
(/users/soft/texlive/2018/texmf-dist/tex/generic/pgf/utilities/pgfrcs.code.tex
Package: pgfrcs 2015/08/07 v3.0.1a (rcs-revision 1.31)
))
(/users/soft/texlive/2018/texmf-dist/tex/generic/pgf/systemlayer/pgfsys.code.te
x
Package: pgfsys 2014/07/09 v3.0.1a (rcs-revision 1.48)

(/users/soft/texlive/2018/texmf-dist/tex/generic/pgf/utilities/pgfkeys.code.tex
\pgfkeys@pathtoks=\toks17
\pgfkeys@temptoks=\toks18

(/users/soft/texlive/2018/texmf-dist/tex/generic/pgf/utilities/pgfkeysfiltered.
code.tex
\pgfkeys@tmptoks=\toks19
))
\pgf@x=\dimen130
\pgf@y=\dimen131
\pgf@xa=\dimen132
\pgf@ya=\dimen133
\pgf@xb=\dimen134
\pgf@yb=\dimen135
\pgf@xc=\dimen136
\pgf@yc=\dimen137
\w@pgf@writea=\write3
\r@pgf@reada=\read1
\c@pgf@counta=\count108
\c@pgf@countb=\count109
\c@pgf@countc=\count110
\c@pgf@countd=\count111
\t@pgf@toka=\toks20
\t@pgf@tokb=\toks21
\t@pgf@tokc=\toks22

(/users/soft/texlive/2018/texmf-dist/tex/generic/pgf/systemlayer/pgf.cfg
File: pgf.cfg 2008/05/14  (rcs-revision 1.7)
)
Driver file for pgf: pgfsys-pdftex.def

(/users/soft/texlive/2018/texmf-dist/tex/generic/pgf/systemlayer/pgfsys-pdftex.
def
File: pgfsys-pdftex.def 2014/10/11  (rcs-revision 1.35)

(/users/soft/texlive/2018/texmf-dist/tex/generic/pgf/systemlayer/pgfsys-common-
pdf.def
File: pgfsys-common-pdf.def 2013/10/10  (rcs-revision 1.13)
)))
(/users/soft/texlive/2018/texmf-dist/tex/generic/pgf/systemlayer/pgfsyssoftpath
.code.tex
File: pgfsyssoftpath.code.tex 2013/09/09  (rcs-revision 1.9)
\pgfsyssoftpath@smallbuffer@items=\count112
\pgfsyssoftpath@bigbuffer@items=\count113
)
(/users/soft/texlive/2018/texmf-dist/tex/generic/pgf/systemlayer/pgfsysprotocol
.code.tex
File: pgfsysprotocol.code.tex 2006/10/16  (rcs-revision 1.4)
)) (/users/soft/texlive/2018/texmf-dist/tex/latex/xcolor/xcolor.sty
Package: xcolor 2016/05/11 v2.12 LaTeX color extensions (UK)

(/users/soft/texlive/2018/texmf-dist/tex/latex/graphics-cfg/color.cfg
File: color.cfg 2016/01/02 v1.6 sample color configuration
)
Package xcolor Info: Package option `colortbl' ignored on input line 216.
Package xcolor Info: Driver file: pdftex.def on input line 225.
Package xcolor Info: Model `cmy' substituted by `cmy0' on input line 1348.
Package xcolor Info: Model `hsb' substituted by `rgb' on input line 1352.
Package xcolor Info: Model `RGB' extended on input line 1364.
Package xcolor Info: Model `HTML' substituted by `rgb' on input line 1366.
Package xcolor Info: Model `Hsb' substituted by `hsb' on input line 1367.
Package xcolor Info: Model `tHsb' substituted by `hsb' on input line 1368.
Package xcolor Info: Model `HSB' substituted by `hsb' on input line 1369.
Package xcolor Info: Model `Gray' substituted by `gray' on input line 1370.
Package xcolor Info: Model `wave' substituted by `hsb' on input line 1371.
)
(/users/soft/texlive/2018/texmf-dist/tex/generic/pgf/basiclayer/pgfcore.code.te
x
Package: pgfcore 2010/04/11 v3.0.1a (rcs-revision 1.7)
 (/users/soft/texlive/2018/texmf-dist/tex/generic/pgf/math/pgfmath.code.tex
(/users/soft/texlive/2018/texmf-dist/tex/generic/pgf/math/pgfmathcalc.code.tex
(/users/soft/texlive/2018/texmf-dist/tex/generic/pgf/math/pgfmathutil.code.tex)

(/users/soft/texlive/2018/texmf-dist/tex/generic/pgf/math/pgfmathparser.code.te
x
\pgfmath@dimen=\dimen138
\pgfmath@count=\count114
\pgfmath@box=\box35
\pgfmath@toks=\toks23
\pgfmath@stack@operand=\toks24
\pgfmath@stack@operation=\toks25
)
(/users/soft/texlive/2018/texmf-dist/tex/generic/pgf/math/pgfmathfunctions.code
.tex
(/users/soft/texlive/2018/texmf-dist/tex/generic/pgf/math/pgfmathfunctions.basi
c.code.tex)
(/users/soft/texlive/2018/texmf-dist/tex/generic/pgf/math/pgfmathfunctions.trig
onometric.code.tex)
(/users/soft/texlive/2018/texmf-dist/tex/generic/pgf/math/pgfmathfunctions.rand
om.code.tex)
(/users/soft/texlive/2018/texmf-dist/tex/generic/pgf/math/pgfmathfunctions.comp
arison.code.tex)
(/users/soft/texlive/2018/texmf-dist/tex/generic/pgf/math/pgfmathfunctions.base
.code.tex)
(/users/soft/texlive/2018/texmf-dist/tex/generic/pgf/math/pgfmathfunctions.roun
d.code.tex)
(/users/soft/texlive/2018/texmf-dist/tex/generic/pgf/math/pgfmathfunctions.misc
.code.tex)
(/users/soft/texlive/2018/texmf-dist/tex/generic/pgf/math/pgfmathfunctions.inte
gerarithmetics.code.tex)))
(/users/soft/texlive/2018/texmf-dist/tex/generic/pgf/math/pgfmathfloat.code.tex
\c@pgfmathroundto@lastzeros=\count115
))
(/users/soft/texlive/2018/texmf-dist/tex/generic/pgf/basiclayer/pgfcorepoints.c
ode.tex
File: pgfcorepoints.code.tex 2013/10/07  (rcs-revision 1.27)
\pgf@picminx=\dimen139
\pgf@picmaxx=\dimen140
\pgf@picminy=\dimen141
\pgf@picmaxy=\dimen142
\pgf@pathminx=\dimen143
\pgf@pathmaxx=\dimen144
\pgf@pathminy=\dimen145
\pgf@pathmaxy=\dimen146
\pgf@xx=\dimen147
\pgf@xy=\dimen148
\pgf@yx=\dimen149
\pgf@yy=\dimen150
\pgf@zx=\dimen151
\pgf@zy=\dimen152
)
(/users/soft/texlive/2018/texmf-dist/tex/generic/pgf/basiclayer/pgfcorepathcons
truct.code.tex
File: pgfcorepathconstruct.code.tex 2013/10/07  (rcs-revision 1.29)
\pgf@path@lastx=\dimen153
\pgf@path@lasty=\dimen154
)
(/users/soft/texlive/2018/texmf-dist/tex/generic/pgf/basiclayer/pgfcorepathusag
e.code.tex
File: pgfcorepathusage.code.tex 2014/11/02  (rcs-revision 1.24)
\pgf@shorten@end@additional=\dimen155
\pgf@shorten@start@additional=\dimen156
)
(/users/soft/texlive/2018/texmf-dist/tex/generic/pgf/basiclayer/pgfcorescopes.c
ode.tex
File: pgfcorescopes.code.tex 2015/05/08  (rcs-revision 1.46)
\pgfpic=\box36
\pgf@hbox=\box37
\pgf@layerbox@main=\box38
\pgf@picture@serial@count=\count116
)
(/users/soft/texlive/2018/texmf-dist/tex/generic/pgf/basiclayer/pgfcoregraphics
tate.code.tex
File: pgfcoregraphicstate.code.tex 2014/11/02  (rcs-revision 1.12)
\pgflinewidth=\dimen157
)
(/users/soft/texlive/2018/texmf-dist/tex/generic/pgf/basiclayer/pgfcoretransfor
mations.code.tex
File: pgfcoretransformations.code.tex 2015/08/07  (rcs-revision 1.20)
\pgf@pt@x=\dimen158
\pgf@pt@y=\dimen159
\pgf@pt@temp=\dimen160
)
(/users/soft/texlive/2018/texmf-dist/tex/generic/pgf/basiclayer/pgfcorequick.co
de.tex
File: pgfcorequick.code.tex 2008/10/09  (rcs-revision 1.3)
)
(/users/soft/texlive/2018/texmf-dist/tex/generic/pgf/basiclayer/pgfcoreobjects.
code.tex
File: pgfcoreobjects.code.tex 2006/10/11  (rcs-revision 1.2)
)
(/users/soft/texlive/2018/texmf-dist/tex/generic/pgf/basiclayer/pgfcorepathproc
essing.code.tex
File: pgfcorepathprocessing.code.tex 2013/09/09  (rcs-revision 1.9)
)
(/users/soft/texlive/2018/texmf-dist/tex/generic/pgf/basiclayer/pgfcorearrows.c
ode.tex
File: pgfcorearrows.code.tex 2015/05/14  (rcs-revision 1.43)
\pgfarrowsep=\dimen161
)
(/users/soft/texlive/2018/texmf-dist/tex/generic/pgf/basiclayer/pgfcoreshade.co
de.tex
File: pgfcoreshade.code.tex 2013/07/15  (rcs-revision 1.15)
\pgf@max=\dimen162
\pgf@sys@shading@range@num=\count117
)
(/users/soft/texlive/2018/texmf-dist/tex/generic/pgf/basiclayer/pgfcoreimage.co
de.tex
File: pgfcoreimage.code.tex 2013/07/15  (rcs-revision 1.18)

(/users/soft/texlive/2018/texmf-dist/tex/generic/pgf/basiclayer/pgfcoreexternal
.code.tex
File: pgfcoreexternal.code.tex 2014/07/09  (rcs-revision 1.21)
\pgfexternal@startupbox=\box39
))
(/users/soft/texlive/2018/texmf-dist/tex/generic/pgf/basiclayer/pgfcorelayers.c
ode.tex
File: pgfcorelayers.code.tex 2013/07/18  (rcs-revision 1.7)
)
(/users/soft/texlive/2018/texmf-dist/tex/generic/pgf/basiclayer/pgfcoretranspar
ency.code.tex
File: pgfcoretransparency.code.tex 2013/09/30  (rcs-revision 1.5)
)
(/users/soft/texlive/2018/texmf-dist/tex/generic/pgf/basiclayer/pgfcorepatterns
.code.tex
File: pgfcorepatterns.code.tex 2013/11/07  (rcs-revision 1.5)
)))
(/users/soft/texlive/2018/texmf-dist/tex/latex/pgf/utilities/xxcolor.sty
Package: xxcolor 2003/10/24 ver 0.1
\XC@nummixins=\count118
\XC@countmixins=\count119
)
(/users/soft/texlive/2018/texmf-dist/tex/generic/oberdiek/atbegshi.sty
Package: atbegshi 2016/06/09 v1.18 At begin shipout hook (HO)

(/users/soft/texlive/2018/texmf-dist/tex/generic/oberdiek/infwarerr.sty
Package: infwarerr 2016/05/16 v1.4 Providing info/warning/error messages (HO)
)
(/users/soft/texlive/2018/texmf-dist/tex/generic/oberdiek/ltxcmds.sty
Package: ltxcmds 2016/05/16 v1.23 LaTeX kernel commands for general use (HO)
))
(/users/soft/texlive/2018/texmf-dist/tex/latex/hyperref/hyperref.sty
Package: hyperref 2018/02/06 v6.86b Hypertext links for LaTeX

(/users/soft/texlive/2018/texmf-dist/tex/generic/oberdiek/hobsub-hyperref.sty
Package: hobsub-hyperref 2016/05/16 v1.14 Bundle oberdiek, subset hyperref (HO)


(/users/soft/texlive/2018/texmf-dist/tex/generic/oberdiek/hobsub-generic.sty
Package: hobsub-generic 2016/05/16 v1.14 Bundle oberdiek, subset generic (HO)
Package: hobsub 2016/05/16 v1.14 Construct package bundles (HO)
Package hobsub Info: Skipping package `infwarerr' (already loaded).
Package hobsub Info: Skipping package `ltxcmds' (already loaded).
Package: ifluatex 2016/05/16 v1.4 Provides the ifluatex switch (HO)
Package ifluatex Info: LuaTeX not detected.
Package hobsub Info: Skipping package `ifvtex' (already loaded).
Package: intcalc 2016/05/16 v1.2 Expandable calculations with integers (HO)
Package hobsub Info: Skipping package `ifpdf' (already loaded).
Package: etexcmds 2016/05/16 v1.6 Avoid name clashes with e-TeX commands (HO)
Package etexcmds Info: Could not find \expanded.
(etexcmds)             That can mean that you are not using pdfTeX 1.50 or
(etexcmds)             that some package has redefined \expanded.
(etexcmds)             In the latter case, load this package earlier.
Package: kvsetkeys 2016/05/16 v1.17 Key value parser (HO)
Package: kvdefinekeys 2016/05/16 v1.4 Define keys (HO)
Package: pdftexcmds 2018/01/30 v0.27 Utility functions of pdfTeX for LuaTeX (HO
)
Package pdftexcmds Info: LuaTeX not detected.
Package pdftexcmds Info: \pdf@primitive is available.
Package pdftexcmds Info: \pdf@ifprimitive is available.
Package pdftexcmds Info: \pdfdraftmode found.
Package: pdfescape 2016/05/16 v1.14 Implements pdfTeX's escape features (HO)
Package: bigintcalc 2016/05/16 v1.4 Expandable calculations on big integers (HO
)
Package: bitset 2016/05/16 v1.2 Handle bit-vector datatype (HO)
Package: uniquecounter 2016/05/16 v1.3 Provide unlimited unique counter (HO)
)
Package hobsub Info: Skipping package `hobsub' (already loaded).
Package: letltxmacro 2016/05/16 v1.5 Let assignment for LaTeX macros (HO)
Package: hopatch 2016/05/16 v1.3 Wrapper for package hooks (HO)
Package: xcolor-patch 2016/05/16 xcolor patch
Package: atveryend 2016/05/16 v1.9 Hooks at the very end of document (HO)
Package hobsub Info: Skipping package `atbegshi' (already loaded).
Package: refcount 2016/05/16 v3.5 Data extraction from label references (HO)
Package: hycolor 2016/05/16 v1.8 Color options for hyperref/bookmark (HO)
)
(/users/soft/texlive/2018/texmf-dist/tex/latex/oberdiek/auxhook.sty
Package: auxhook 2016/05/16 v1.4 Hooks for auxiliary files (HO)
)
(/users/soft/texlive/2018/texmf-dist/tex/latex/oberdiek/kvoptions.sty
Package: kvoptions 2016/05/16 v3.12 Key value format for package options (HO)
)
\@linkdim=\dimen163
\Hy@linkcounter=\count120
\Hy@pagecounter=\count121

(/users/soft/texlive/2018/texmf-dist/tex/latex/hyperref/pd1enc.def
File: pd1enc.def 2018/02/06 v6.86b Hyperref: PDFDocEncoding definition (HO)
Now handling font encoding PD1 ...
... no UTF-8 mapping file for font encoding PD1
)
\Hy@SavedSpaceFactor=\count122

(/users/soft/texlive/2018/texmf-dist/tex/latex/latexconfig/hyperref.cfg
File: hyperref.cfg 2002/06/06 v1.2 hyperref configuration of TeXLive
)
Package hyperref Info: Option `bookmarks' set `true' on input line 4383.
Package hyperref Info: Option `bookmarksopen' set `true' on input line 4383.
Package hyperref Info: Option `implicit' set `false' on input line 4383.
Package hyperref Info: Hyper figures OFF on input line 4509.
Package hyperref Info: Link nesting OFF on input line 4514.
Package hyperref Info: Hyper index ON on input line 4517.
Package hyperref Info: Plain pages OFF on input line 4524.
Package hyperref Info: Backreferencing OFF on input line 4529.
Package hyperref Info: Implicit mode OFF; no redefinition of LaTeX internals.
Package hyperref Info: Bookmarks ON on input line 4762.
\c@Hy@tempcnt=\count123

(/users/soft/texlive/2018/texmf-dist/tex/latex/url/url.sty
\Urlmuskip=\muskip10
Package: url 2013/09/16  ver 3.4  Verb mode for urls, etc.
)
LaTeX Info: Redefining \url on input line 5115.
\XeTeXLinkMargin=\dimen164
\Fld@menulength=\count124
\Field@Width=\dimen165
\Fld@charsize=\dimen166
Package hyperref Info: Hyper figures OFF on input line 6369.
Package hyperref Info: Link nesting OFF on input line 6374.
Package hyperref Info: Hyper index ON on input line 6377.
Package hyperref Info: backreferencing OFF on input line 6384.
Package hyperref Info: Link coloring OFF on input line 6389.
Package hyperref Info: Link coloring with OCG OFF on input line 6394.
Package hyperref Info: PDF/A mode OFF on input line 6399.
LaTeX Info: Redefining \ref on input line 6439.
LaTeX Info: Redefining \pageref on input line 6443.
\Hy@abspage=\count125


Package hyperref Message: Stopped early.

)
Package hyperref Info: Driver (autodetected): hpdftex.
 (/users/soft/texlive/2018/texmf-dist/tex/latex/hyperref/hpdftex.def
File: hpdftex.def 2018/02/06 v6.86b Hyperref driver for pdfTeX
\Fld@listcount=\count126
\c@bookmark@seq@number=\count127

(/users/soft/texlive/2018/texmf-dist/tex/latex/oberdiek/rerunfilecheck.sty
Package: rerunfilecheck 2016/05/16 v1.8 Rerun checks for auxiliary files (HO)
Package uniquecounter Info: New unique counter `rerunfilecheck' on input line 2
82.
))
(/users/soft/texlive/2018/texmf-dist/tex/latex/beamer/beamerbaserequires.sty
(/users/soft/texlive/2018/texmf-dist/tex/latex/beamer/beamerbasecompatibility.s
ty) (/users/soft/texlive/2018/texmf-dist/tex/latex/beamer/beamerbasefont.sty
(/users/soft/texlive/2018/texmf-dist/tex/latex/amsfonts/amssymb.sty
Package: amssymb 2013/01/14 v3.01 AMS font symbols

(/users/soft/texlive/2018/texmf-dist/tex/latex/amsfonts/amsfonts.sty
Package: amsfonts 2013/01/14 v3.01 Basic AMSFonts support
\@emptytoks=\toks26
\symAMSa=\mathgroup4
\symAMSb=\mathgroup5
LaTeX Font Info:    Overwriting math alphabet `\mathfrak' in version `bold'
(Font)                  U/euf/m/n --> U/euf/b/n on input line 106.
))
(/users/soft/texlive/2018/texmf-dist/tex/latex/sansmathaccent/sansmathaccent.st
y
Package: sansmathaccent 2013/03/28
 (/users/soft/texlive/2018/texmf-dist/tex/latex/filehook/filehook.sty
Package: filehook 2011/10/12 v0.5d Hooks for input files
)))
(/users/soft/texlive/2018/texmf-dist/tex/latex/beamer/beamerbasetranslator.sty
(/users/soft/texlive/2018/texmf-dist/tex/latex/translator/translator.sty
Package: translator 2018/01/04 v1.12 Easy translation of strings in LaTeX
))
(/users/soft/texlive/2018/texmf-dist/tex/latex/beamer/beamerbasemisc.sty)
(/users/soft/texlive/2018/texmf-dist/tex/latex/beamer/beamerbasetwoscreens.sty)
(/users/soft/texlive/2018/texmf-dist/tex/latex/beamer/beamerbaseoverlay.sty
\beamer@argscount=\count128
\beamer@lastskipcover=\skip44
\beamer@trivlistdepth=\count129
)
(/users/soft/texlive/2018/texmf-dist/tex/latex/beamer/beamerbasetitle.sty)
(/users/soft/texlive/2018/texmf-dist/tex/latex/beamer/beamerbasesection.sty
\c@lecture=\count130
\c@part=\count131
\c@section=\count132
\c@subsection=\count133
\c@subsubsection=\count134
)
(/users/soft/texlive/2018/texmf-dist/tex/latex/beamer/beamerbaseframe.sty
\beamer@framebox=\box40
\beamer@frametitlebox=\box41
\beamer@zoombox=\box42
\beamer@zoomcount=\count135
\beamer@zoomframecount=\count136
\beamer@frametextheight=\dimen167
\c@subsectionslide=\count137
\beamer@frametopskip=\skip45
\beamer@framebottomskip=\skip46
\beamer@frametopskipautobreak=\skip47
\beamer@framebottomskipautobreak=\skip48
\beamer@envbody=\toks27
\framewidth=\dimen168
\c@framenumber=\count138
)
(/users/soft/texlive/2018/texmf-dist/tex/latex/beamer/beamerbaseverbatim.sty
\beamer@verbatimfileout=\write4
)
(/users/soft/texlive/2018/texmf-dist/tex/latex/beamer/beamerbaseframesize.sty
\beamer@splitbox=\box43
\beamer@autobreakcount=\count139
\beamer@autobreaklastheight=\dimen169
\beamer@frametitletoks=\toks28
\beamer@framesubtitletoks=\toks29
)
(/users/soft/texlive/2018/texmf-dist/tex/latex/beamer/beamerbaseframecomponents
.sty
\beamer@footins=\box44
) (/users/soft/texlive/2018/texmf-dist/tex/latex/beamer/beamerbasecolor.sty
\beamer@bg@ht=\dimen170
\beamer@bg@wd=\dimen171
\beamer@bg@dp=\dimen172
) (/users/soft/texlive/2018/texmf-dist/tex/latex/beamer/beamerbasenotes.sty
\beamer@frameboxcopy=\box45
)
(/users/soft/texlive/2018/texmf-dist/tex/latex/beamer/beamerbasetoc.sty)
(/users/soft/texlive/2018/texmf-dist/tex/latex/beamer/beamerbasetemplates.sty
\beamer@sbttoks=\toks30

(/users/soft/texlive/2018/texmf-dist/tex/latex/beamer/beamerbaseauxtemplates.st
y (/users/soft/texlive/2018/texmf-dist/tex/latex/beamer/beamerbaseboxes.sty
\bmb@box=\box46
\bmb@colorbox=\box47
\bmb@boxwidth=\dimen173
\bmb@boxheight=\dimen174
\bmb@prevheight=\dimen175
\bmb@temp=\dimen176
\bmb@dima=\dimen177
\bmb@dimb=\dimen178
\bmb@prevheight=\dimen179
)
\beamer@blockheadheight=\dimen180
))
(/users/soft/texlive/2018/texmf-dist/tex/latex/beamer/beamerbaselocalstructure.
sty (/users/soft/texlive/2018/texmf-dist/tex/latex/tools/enumerate.sty
Package: enumerate 2015/07/23 v3.00 enumerate extensions (DPC)
\@enLab=\toks31
)
\c@figure=\count140
\c@table=\count141
\abovecaptionskip=\skip49
\belowcaptionskip=\skip50
)
(/users/soft/texlive/2018/texmf-dist/tex/latex/beamer/beamerbasenavigation.sty
\beamer@section@min@dim=\dimen181
) (/users/soft/texlive/2018/texmf-dist/tex/latex/beamer/beamerbasetheorems.sty
(/users/soft/texlive/2018/texmf-dist/tex/latex/amsmath/amsmath.sty
Package: amsmath 2017/09/02 v2.17a AMS math features
\@mathmargin=\skip51

For additional information on amsmath, use the `?' option.
(/users/soft/texlive/2018/texmf-dist/tex/latex/amsmath/amstext.sty
Package: amstext 2000/06/29 v2.01 AMS text

(/users/soft/texlive/2018/texmf-dist/tex/latex/amsmath/amsgen.sty
File: amsgen.sty 1999/11/30 v2.0 generic functions
\@emptytoks=\toks32
\ex@=\dimen182
))
(/users/soft/texlive/2018/texmf-dist/tex/latex/amsmath/amsbsy.sty
Package: amsbsy 1999/11/29 v1.2d Bold Symbols
\pmbraise@=\dimen183
)
(/users/soft/texlive/2018/texmf-dist/tex/latex/amsmath/amsopn.sty
Package: amsopn 2016/03/08 v2.02 operator names
)
\inf@bad=\count142
LaTeX Info: Redefining \frac on input line 213.
\uproot@=\count143
\leftroot@=\count144
LaTeX Info: Redefining \overline on input line 375.
\classnum@=\count145
\DOTSCASE@=\count146
LaTeX Info: Redefining \ldots on input line 472.
LaTeX Info: Redefining \dots on input line 475.
LaTeX Info: Redefining \cdots on input line 596.
\Mathstrutbox@=\box48
\strutbox@=\box49
\big@size=\dimen184
LaTeX Font Info:    Redeclaring font encoding OML on input line 712.
LaTeX Font Info:    Redeclaring font encoding OMS on input line 713.
\macc@depth=\count147
\c@MaxMatrixCols=\count148
\dotsspace@=\muskip11
\c@parentequation=\count149
\dspbrk@lvl=\count150
\tag@help=\toks33
\row@=\count151
\column@=\count152
\maxfields@=\count153
\andhelp@=\toks34
\eqnshift@=\dimen185
\alignsep@=\dimen186
\tagshift@=\dimen187
\tagwidth@=\dimen188
\totwidth@=\dimen189
\lineht@=\dimen190
\@envbody=\toks35
\multlinegap=\skip52
\multlinetaggap=\skip53
\mathdisplay@stack=\toks36
LaTeX Info: Redefining \[ on input line 2817.
LaTeX Info: Redefining \] on input line 2818.
)
(/users/soft/texlive/2018/texmf-dist/tex/latex/amscls/amsthm.sty
Package: amsthm 2017/10/31 v2.20.4
\thm@style=\toks37
\thm@bodyfont=\toks38
\thm@headfont=\toks39
\thm@notefont=\toks40
\thm@headpunct=\toks41
\thm@preskip=\skip54
\thm@postskip=\skip55
\thm@headsep=\skip56
\dth@everypar=\toks42
)
\c@theorem=\count154
)
(/users/soft/texlive/2018/texmf-dist/tex/latex/beamer/beamerbasethemes.sty))
(/users/soft/texlive/2018/texmf-dist/tex/latex/beamer/beamerthemedefault.sty
(/users/soft/texlive/2018/texmf-dist/tex/latex/beamer/beamerfontthemedefault.st
y)
(/users/soft/texlive/2018/texmf-dist/tex/latex/beamer/beamercolorthemedefault.s
ty)
(/users/soft/texlive/2018/texmf-dist/tex/latex/beamer/beamerinnerthemedefault.s
ty
\beamer@dima=\dimen191
\beamer@dimb=\dimen192
)
(/users/soft/texlive/2018/texmf-dist/tex/latex/beamer/beamerouterthemedefault.s
ty))) (/users/soft/texlive/2018/texmf-dist/tex/latex/base/inputenc.sty
Package: inputenc 2018/04/06 v1.3b Input encoding file
\inpenc@prehook=\toks43
\inpenc@posthook=\toks44
)
(/users/soft/texlive/2018/texmf-dist/tex/latex/base/fontenc.sty
Package: fontenc 2017/04/05 v2.0i Standard LaTeX package

(/users/soft/texlive/2018/texmf-dist/tex/latex/base/ot1enc.def
File: ot1enc.def 2017/04/05 v2.0i Standard LaTeX file
LaTeX Font Info:    Redeclaring font encoding OT1 on input line 48.
))
(/users/soft/texlive/2018/texmf-dist/tex/latex/tools/calc.sty
Package: calc 2017/05/25 v4.3 Infix arithmetic (KKT,FJ)
\calc@Acount=\count155
\calc@Bcount=\count156
\calc@Adimen=\dimen193
\calc@Bdimen=\dimen194
\calc@Askip=\skip57
\calc@Bskip=\skip58
LaTeX Info: Redefining \setlength on input line 80.
LaTeX Info: Redefining \addtolength on input line 81.
\calc@Ccount=\count157
\calc@Cskip=\skip59
)
(/users/soft/texlive/2018/texmf-dist/tex/generic/babel/babel.sty
Package: babel 2018/06/05 3.22 The Babel package

(/users/soft/texlive/2018/texmf-dist/tex/generic/babel/switch.def
File: switch.def 2018/06/05 3.22 Babel switching mechanism
)
(/users/soft/texlive/2018/texmf-dist/tex/generic/babel-german/german.ldf
Language: german 2018/03/29 v2.10 German support for babel (pre-1996 orthograph
y)

(/users/soft/texlive/2018/texmf-dist/tex/generic/babel-german/germanb.ldf
Language: germanb 2018/03/29 v2.10 German support for babel (pre-1996 orthograp
hy)

(/users/soft/texlive/2018/texmf-dist/tex/generic/babel/babel.def
File: babel.def 2018/06/05 3.22 Babel common definitions
\babel@savecnt=\count158
\U@D=\dimen195

(/users/soft/texlive/2018/texmf-dist/tex/generic/babel/txtbabel.def)
LaTeX Info: Redefining \textlatin on input line 1915.
\bbl@dirlevel=\count159
)
Package babel Info: Making " an active character on input line 135.
))
(/users/soft/texlive/2018/texmf-dist/tex/generic/babel-german/ngerman.ldf
Language: ngerman 2018/03/29 v2.10 German support for babel (post-1996 orthogra
phy)

(/users/soft/texlive/2018/texmf-dist/tex/generic/babel-german/ngermanb.ldf
Language: ngermanb 2018/03/29 v2.10 German support for babel (post-1996 orthogr
aphy)
)))
(/users/soft/texlive/2018/texmf-dist/tex/latex/amsfonts/euscript.sty
Package: euscript 2009/06/22 v3.00 Euler Script fonts
LaTeX Font Info:    Overwriting math alphabet `\EuScript' in version `bold'
(Font)                  U/eus/m/n --> U/eus/b/n on input line 33.
){/users/soft/texlive/2018/texmf-var/fonts/map/pdftex/updmap/pdftex.map}{/users
/soft/texlive/2018/texmf-dist/fonts/map/dvips/sansmathaccent/sansmathaccent.map


pdfTeX warning: /users/soft/texlive/2018/bin/x86_64-linux/pdflatex (file /users
/soft/texlive/2018/texmf-dist/fonts/map/dvips/sansmathaccent/sansmathaccent.map
): fontmap entry for `mathkerncmssi8' already exists, duplicates ignored


pdfTeX warning: /users/soft/texlive/2018/bin/x86_64-linux/pdflatex (file /users
/soft/texlive/2018/texmf-dist/fonts/map/dvips/sansmathaccent/sansmathaccent.map
): fontmap entry for `mathkerncmssi9' already exists, duplicates ignored


pdfTeX warning: /users/soft/texlive/2018/bin/x86_64-linux/pdflatex (file /users
/soft/texlive/2018/texmf-dist/fonts/map/dvips/sansmathaccent/sansmathaccent.map
): fontmap entry for `mathkerncmssi10' already exists, duplicates ignored


pdfTeX warning: /users/soft/texlive/2018/bin/x86_64-linux/pdflatex (file /users
/soft/texlive/2018/texmf-dist/fonts/map/dvips/sansmathaccent/sansmathaccent.map
): fontmap entry for `mathkerncmssi12' already exists, duplicates ignored


pdfTeX warning: /users/soft/texlive/2018/bin/x86_64-linux/pdflatex (file /users
/soft/texlive/2018/texmf-dist/fonts/map/dvips/sansmathaccent/sansmathaccent.map
): fontmap entry for `mathkerncmssi17' already exists, duplicates ignored
} (/users/soft/texlive/2018/texmf-dist/tex/latex/movie15/movie15.sty
Package: movie15 2012/05/16

(/users/soft/texlive/2018/texmf-dist/tex/latex/base/ifthen.sty
Package: ifthen 2014/09/29 v1.1c Standard LaTeX ifthen package (DPC)
)
(/users/soft/texlive/2018/texmf-dist/tex/latex/oberdiek/ifdraft.sty
Package: ifdraft 2016/05/16 v1.4 Detect class options draft and final (HO)
)
\@MXV@page=\count160
\@MXV@adict=\count161
\@MXV@aadict=\count162
\@MXV@includes=\count163
\@MXV@players=\count164
\@MXV@links=\count165
\@MXV@width=\dimen196
\@MXV@height=\dimen197
\@MXV@depth=\dimen198
\@MXV@totalheight=\dimen199
\@MXV@@boxdepth=\dimen256
\@MXV@traiselen=\dimen257
\@MXV@braiselen=\dimen258
\@MXV@start=\dimen259
\@MXV@end=\dimen260
\@MXV@textbox=\box50
)
(/users/soft/texlive/2018/texmf-dist/tex/latex/subfigure/subfigure.sty
Package: subfigure 2002/03/15 v2.1.5 subfigure package
\subfigtopskip=\skip60
\subfigcapskip=\skip61
\subfigcaptopadj=\dimen261
\subfigbottomskip=\skip62
\subfigcapmargin=\dimen262
\subfiglabelskip=\skip63
\c@subfigure=\count166
\c@lofdepth=\count167
\c@subtable=\count168
\c@lotdepth=\count169

****************************************
* Local config file subfigure.cfg used *
****************************************
(/users/soft/texlive/2018/texmf-dist/tex/latex/subfigure/subfigure.cfg)
\subfig@top=\skip64
\subfig@bottom=\skip65
)
(/users/soft/texlive/2018/texmf-dist/tex/latex/wasysym/wasysym.sty
Package: wasysym 2003/10/30 v2.0 Wasy-2 symbol support package
\symwasy=\mathgroup6
LaTeX Font Info:    Overwriting symbol font `wasy' in version `bold'
(Font)                  U/wasy/m/n --> U/wasy/b/n on input line 90.
)
(/users/soft/texlive/2018/texmf-dist/tex/latex/moresize/moresize.sty
Package: moresize 1999/07/26 v1.9 (more font sizes)
)
(/users/soft/texlive/2018/texmf-dist/tex/latex/doublestroke/dsfont.sty
Package: dsfont 1995/08/01 v0.1 Double stroke roman fonts
)
(/users/soft/texlive/2018/texmf-dist/tex/latex/ifsym/ifsym.sty
Package: ifsym 2000/04/18 I.Kloeckl
\c@ifsymcnt=\count170
)
(./beamerthemeTUKL.sty
Package: beamerthemeTUKL 2015/02/05 v0.93 beamer theme in the corporate design 
of the University of Kaiserslautern

(/users/soft/texlive/2018/texmf-dist/tex/latex/pgf/frontendlayer/tikz.sty
(/users/soft/texlive/2018/texmf-dist/tex/latex/pgf/basiclayer/pgf.sty
Package: pgf 2015/08/07 v3.0.1a (rcs-revision 1.15)

(/users/soft/texlive/2018/texmf-dist/tex/generic/pgf/modules/pgfmoduleshapes.co
de.tex
File: pgfmoduleshapes.code.tex 2014/03/21  (rcs-revision 1.35)
\pgfnodeparttextbox=\box51
)
(/users/soft/texlive/2018/texmf-dist/tex/generic/pgf/modules/pgfmoduleplot.code
.tex
File: pgfmoduleplot.code.tex 2015/08/03  (rcs-revision 1.13)
)
(/users/soft/texlive/2018/texmf-dist/tex/latex/pgf/compatibility/pgfcomp-versio
n-0-65.sty
Package: pgfcomp-version-0-65 2007/07/03 v3.0.1a (rcs-revision 1.7)
\pgf@nodesepstart=\dimen263
\pgf@nodesepend=\dimen264
)
(/users/soft/texlive/2018/texmf-dist/tex/latex/pgf/compatibility/pgfcomp-versio
n-1-18.sty
Package: pgfcomp-version-1-18 2007/07/23 v3.0.1a (rcs-revision 1.1)
))
(/users/soft/texlive/2018/texmf-dist/tex/latex/pgf/utilities/pgffor.sty
(/users/soft/texlive/2018/texmf-dist/tex/latex/pgf/utilities/pgfkeys.sty
(/users/soft/texlive/2018/texmf-dist/tex/generic/pgf/utilities/pgfkeys.code.tex
)) (/users/soft/texlive/2018/texmf-dist/tex/latex/pgf/math/pgfmath.sty
(/users/soft/texlive/2018/texmf-dist/tex/generic/pgf/math/pgfmath.code.tex))
(/users/soft/texlive/2018/texmf-dist/tex/generic/pgf/utilities/pgffor.code.tex
Package: pgffor 2013/12/13 v3.0.1a (rcs-revision 1.25)

(/users/soft/texlive/2018/texmf-dist/tex/generic/pgf/math/pgfmath.code.tex)
\pgffor@iter=\dimen265
\pgffor@skip=\dimen266
\pgffor@stack=\toks45
\pgffor@toks=\toks46
))
(/users/soft/texlive/2018/texmf-dist/tex/generic/pgf/frontendlayer/tikz/tikz.co
de.tex
Package: tikz 2015/08/07 v3.0.1a (rcs-revision 1.151)

(/users/soft/texlive/2018/texmf-dist/tex/generic/pgf/libraries/pgflibraryplotha
ndlers.code.tex
File: pgflibraryplothandlers.code.tex 2013/08/31 v3.0.1a (rcs-revision 1.20)
\pgf@plot@mark@count=\count171
\pgfplotmarksize=\dimen267
)
\tikz@lastx=\dimen268
\tikz@lasty=\dimen269
\tikz@lastxsaved=\dimen270
\tikz@lastysaved=\dimen271
\tikzleveldistance=\dimen272
\tikzsiblingdistance=\dimen273
\tikz@figbox=\box52
\tikz@figbox@bg=\box53
\tikz@tempbox=\box54
\tikz@tempbox@bg=\box55
\tikztreelevel=\count172
\tikznumberofchildren=\count173
\tikznumberofcurrentchild=\count174
\tikz@fig@count=\count175

(/users/soft/texlive/2018/texmf-dist/tex/generic/pgf/modules/pgfmodulematrix.co
de.tex
File: pgfmodulematrix.code.tex 2013/09/17  (rcs-revision 1.8)
\pgfmatrixcurrentrow=\count176
\pgfmatrixcurrentcolumn=\count177
\pgf@matrix@numberofcolumns=\count178
)
\tikz@expandcount=\count179

(/users/soft/texlive/2018/texmf-dist/tex/generic/pgf/frontendlayer/tikz/librari
es/tikzlibrarytopaths.code.tex
File: tikzlibrarytopaths.code.tex 2008/06/17 v3.0.1a (rcs-revision 1.2)
)))
\tukldesign@deptnr=\count180
 (./beamerinnerthemeTUKL.sty)
(./beamerouterthemeTUKL.sty
Package: beamerouterthemeTUKL 2015/02/05 v0.92 beamer theme in the corporate de
sign of the University of Kaiserslautern
\footlineheight=\skip66
) (./beamercolorthemeTUKL.sty
Package: beamercolorthemeTUKL 2015/02/05 v0.93 beamer color theme in the corpor
ate design of the University of Kaiserslautern
)
Package hyperref Info: Option `colorlinks' set `true' on input line 214.
)
\c@proposition=\count181
 (./Fachpraktikum.aux)
\openout1 = `Fachpraktikum.aux'.

LaTeX Font Info:    Checking defaults for OML/cmm/m/it on input line 45.
LaTeX Font Info:    ... okay on input line 45.
LaTeX Font Info:    Checking defaults for T1/cmr/m/n on input line 45.
LaTeX Font Info:    ... okay on input line 45.
LaTeX Font Info:    Checking defaults for OT1/cmr/m/n on input line 45.
LaTeX Font Info:    ... okay on input line 45.
LaTeX Font Info:    Checking defaults for OMS/cmsy/m/n on input line 45.
LaTeX Font Info:    ... okay on input line 45.
LaTeX Font Info:    Checking defaults for OMX/cmex/m/n on input line 45.
LaTeX Font Info:    ... okay on input line 45.
LaTeX Font Info:    Checking defaults for U/cmr/m/n on input line 45.
LaTeX Font Info:    ... okay on input line 45.
LaTeX Font Info:    Checking defaults for PD1/pdf/m/n on input line 45.
LaTeX Font Info:    ... okay on input line 45.

*geometry* driver: auto-detecting
*geometry* detected driver: pdftex
*geometry* verbose mode - [ preamble ] result:
* driver: pdftex
* paper: custom
* layout: <same size as paper>
* layoutoffset:(h,v)=(0.0pt,0.0pt)
* modes: includehead includefoot 
* h-part:(L,W,R)=(20.00003pt, 324.1953pt, 20.00003pt)
* v-part:(T,H,B)=(0.0pt, 273.14662pt, 0.0pt)
* \paperwidth=364.19536pt
* \paperheight=273.14662pt
* \textwidth=324.1953pt
* \textheight=244.6939pt
* \oddsidemargin=-52.26996pt
* \evensidemargin=-52.26996pt
* \topmargin=-72.26999pt
* \headheight=14.22636pt
* \headsep=0.0pt
* \topskip=10.0pt
* \footskip=14.22636pt
* \marginparwidth=3.0pt
* \marginparsep=11.0pt
* \columnsep=10.0pt
* \skip\footins=9.0pt plus 4.0pt minus 2.0pt
* \hoffset=0.0pt
* \voffset=0.0pt
* \mag=1000
* \@twocolumnfalse
* \@twosidefalse
* \@mparswitchfalse
* \@reversemarginfalse
* (1in=72.27pt=25.4mm, 1cm=28.453pt)

(/users/soft/texlive/2018/texmf-dist/tex/context/base/mkii/supp-pdf.mkii
[Loading MPS to PDF converter (version 2006.09.02).]
\scratchcounter=\count182
\scratchdimen=\dimen274
\scratchbox=\box56
\nofMPsegments=\count183
\nofMParguments=\count184
\everyMPshowfont=\toks47
\MPscratchCnt=\count185
\MPscratchDim=\dimen275
\MPnumerator=\count186
\makeMPintoPDFobject=\count187
\everyMPtoPDFconversion=\toks48
) (/users/soft/texlive/2018/texmf-dist/tex/latex/oberdiek/epstopdf-base.sty
Package: epstopdf-base 2016/05/15 v2.6 Base part for package epstopdf

(/users/soft/texlive/2018/texmf-dist/tex/latex/oberdiek/grfext.sty
Package: grfext 2016/05/16 v1.2 Manage graphics extensions (HO)
)
Package epstopdf-base Info: Redefining graphics rule for `.eps' on input line 4
38.
Package grfext Info: Graphics extension search list:
(grfext)             [.pdf,.png,.jpg,.mps,.jpeg,.jbig2,.jb2,.PDF,.PNG,.JPG,.JPE
G,.JBIG2,.JB2,.eps]
(grfext)             \AppendGraphicsExtensions on input line 456.

(/users/soft/texlive/2018/texmf-dist/tex/latex/latexconfig/epstopdf-sys.cfg
File: epstopdf-sys.cfg 2010/07/13 v1.3 Configuration of (r)epstopdf for TeX Liv
e
))
ABD: EveryShipout initializing macros
\AtBeginShipoutBox=\box57
Package hyperref Info: Link coloring ON on input line 45.

(/users/soft/texlive/2018/texmf-dist/tex/latex/hyperref/nameref.sty
Package: nameref 2016/05/21 v2.44 Cross-referencing by name of section

(/users/soft/texlive/2018/texmf-dist/tex/generic/oberdiek/gettitlestring.sty
Package: gettitlestring 2016/05/16 v1.5 Cleanup title references (HO)
)
\c@section@level=\count188
)
LaTeX Info: Redefining \ref on input line 45.
LaTeX Info: Redefining \pageref on input line 45.
LaTeX Info: Redefining \nameref on input line 45.

(./Fachpraktikum.out) (./Fachpraktikum.out)
\@outlinefile=\write5
\openout5 = `Fachpraktikum.out'.

LaTeX Font Info:    Overwriting symbol font `operators' in version `normal'
(Font)                  OT1/cmr/m/n --> OT1/cmss/m/n on input line 45.
LaTeX Font Info:    Overwriting symbol font `operators' in version `bold'
(Font)                  OT1/cmr/bx/n --> OT1/cmss/bx/n on input line 45.
\symnumbers=\mathgroup7
\sympureletters=\mathgroup8
LaTeX Font Info:    Overwriting math alphabet `\mathrm' in version `normal'
(Font)                  OT1/cmss/m/n --> OT1/cmr/m/n on input line 45.
LaTeX Font Info:    Redeclaring math alphabet \mathbf on input line 45.
LaTeX Font Info:    Overwriting math alphabet `\mathbf' in version `normal'
(Font)                  OT1/cmr/bx/n --> OT1/cmss/bx/n on input line 45.
LaTeX Font Info:    Overwriting math alphabet `\mathbf' in version `bold'
(Font)                  OT1/cmr/bx/n --> OT1/cmss/bx/n on input line 45.
LaTeX Font Info:    Redeclaring math alphabet \mathsf on input line 45.
LaTeX Font Info:    Overwriting math alphabet `\mathsf' in version `normal'
(Font)                  OT1/cmss/m/n --> OT1/cmss/m/n on input line 45.
LaTeX Font Info:    Overwriting math alphabet `\mathsf' in version `bold'
(Font)                  OT1/cmss/bx/n --> OT1/cmss/m/n on input line 45.
LaTeX Font Info:    Redeclaring math alphabet \mathit on input line 45.
LaTeX Font Info:    Overwriting math alphabet `\mathit' in version `normal'
(Font)                  OT1/cmr/m/it --> OT1/cmss/m/it on input line 45.
LaTeX Font Info:    Overwriting math alphabet `\mathit' in version `bold'
(Font)                  OT1/cmr/bx/it --> OT1/cmss/m/it on input line 45.
LaTeX Font Info:    Redeclaring math alphabet \mathtt on input line 45.
LaTeX Font Info:    Overwriting math alphabet `\mathtt' in version `normal'
(Font)                  OT1/cmtt/m/n --> OT1/cmtt/m/n on input line 45.
LaTeX Font Info:    Overwriting math alphabet `\mathtt' in version `bold'
(Font)                  OT1/cmtt/m/n --> OT1/cmtt/m/n on input line 45.
LaTeX Font Info:    Overwriting symbol font `numbers' in version `bold'
(Font)                  OT1/cmss/m/n --> OT1/cmss/bx/n on input line 45.
LaTeX Font Info:    Overwriting symbol font `pureletters' in version `bold'
(Font)                  OT1/cmss/m/it --> OT1/cmss/bx/it on input line 45.
LaTeX Font Info:    Overwriting math alphabet `\mathrm' in version `bold'
(Font)                  OT1/cmss/bx/n --> OT1/cmr/bx/n on input line 45.
LaTeX Font Info:    Overwriting math alphabet `\mathbf' in version `bold'
(Font)                  OT1/cmss/bx/n --> OT1/cmss/bx/n on input line 45.
LaTeX Font Info:    Overwriting math alphabet `\mathsf' in version `bold'
(Font)                  OT1/cmss/m/n --> OT1/cmss/bx/n on input line 45.
LaTeX Font Info:    Overwriting math alphabet `\mathit' in version `bold'
(Font)                  OT1/cmss/m/it --> OT1/cmss/bx/it on input line 45.
LaTeX Font Info:    Overwriting math alphabet `\mathtt' in version `bold'
(Font)                  OT1/cmtt/m/n --> OT1/cmtt/bx/n on input line 45.
LaTeX Font Info:    Redeclaring symbol font `pureletters' on input line 45.
LaTeX Font Info:    Overwriting symbol font `pureletters' in version `normal'
(Font)                  OT1/cmss/m/it --> OT1/mathkerncmss/m/sl on input line 4
5.
LaTeX Font Info:    Overwriting symbol font `pureletters' in version `bold'
(Font)                  OT1/cmss/bx/it --> OT1/mathkerncmss/m/sl on input line 
45.
LaTeX Font Info:    Overwriting symbol font `pureletters' in version `bold'
(Font)                  OT1/mathkerncmss/m/sl --> OT1/mathkerncmss/bx/sl on inp
ut line 45.

(/users/soft/texlive/2018/texmf-dist/tex/latex/translator/translator-basic-dict
ionary-English.dict
Dictionary: translator-basic-dictionary, Language: English 
)
(/users/soft/texlive/2018/texmf-dist/tex/latex/translator/translator-basic-dict
ionary-German.dict
Dictionary: translator-basic-dictionary, Language: German 
)
(/users/soft/texlive/2018/texmf-dist/tex/latex/translator/translator-bibliograp
hy-dictionary-English.dict
Dictionary: translator-bibliography-dictionary, Language: English 
)
(/users/soft/texlive/2018/texmf-dist/tex/latex/translator/translator-bibliograp
hy-dictionary-German.dict
Dictionary: translator-bibliography-dictionary, Language: German 
)
(/users/soft/texlive/2018/texmf-dist/tex/latex/translator/translator-environmen
t-dictionary-English.dict
Dictionary: translator-environment-dictionary, Language: English 
)
(/users/soft/texlive/2018/texmf-dist/tex/latex/translator/translator-environmen
t-dictionary-German.dict
Dictionary: translator-environment-dictionary, Language: German 
)
(/users/soft/texlive/2018/texmf-dist/tex/latex/translator/translator-months-dic
tionary-English.dict
Dictionary: translator-months-dictionary, Language: English 
)
(/users/soft/texlive/2018/texmf-dist/tex/latex/translator/translator-months-dic
tionary-German.dict
Dictionary: translator-months-dictionary, Language: German 
)
(/users/soft/texlive/2018/texmf-dist/tex/latex/translator/translator-numbers-di
ctionary-English.dict
Dictionary: translator-numbers-dictionary, Language: English 
)
(/users/soft/texlive/2018/texmf-dist/tex/latex/translator/translator-numbers-di
ctionary-German.dict
Dictionary: translator-numbers-dictionary, Language: German 
)
(/users/soft/texlive/2018/texmf-dist/tex/latex/translator/translator-theorem-di
ctionary-English.dict
Dictionary: translator-theorem-dictionary, Language: English 
)
(/users/soft/texlive/2018/texmf-dist/tex/latex/translator/translator-theorem-di
ctionary-German.dict
Dictionary: translator-theorem-dictionary, Language: German 
) (./Fachpraktikum.nav)
Overfull \hbox (1.77086pt too wide) in paragraph at lines 45--45
[][] 
 []


Overfull \hbox (13.67857pt too wide) in paragraph at lines 45--45
[][][]  
 []

<logos/TUKL_LOGO_RGB.png, id=14, 142.25145pt x 27.4626pt>
File: logos/TUKL_LOGO_RGB.png Graphic file (type png)
<use logos/TUKL_LOGO_RGB.png>
Package pdftex.def Info: logos/TUKL_LOGO_RGB.png  used on input line 45.
(pdftex.def)             Requested size: 63.73529pt x 12.3044pt.

Overfull \hbox (4.16711pt too wide) in paragraph at lines 45--45
 |  [] 
 []

File: logos/TUKL_LOGO_RGB.png Graphic file (type png)
<use logos/TUKL_LOGO_RGB.png>
Package pdftex.def Info: logos/TUKL_LOGO_RGB.png  used on input line 46.
(pdftex.def)             Requested size: 63.73529pt x 12.3044pt.
[1

 <./logos/TUKL_LOGO_RGB.png>]
LaTeX Font Info:    Try loading font information for U+msa on input line 58.

(/users/soft/texlive/2018/texmf-dist/tex/latex/amsfonts/umsa.fd
File: umsa.fd 2013/01/14 v3.01 AMS symbols A
)
LaTeX Font Info:    Try loading font information for U+msb on input line 58.

(/users/soft/texlive/2018/texmf-dist/tex/latex/amsfonts/umsb.fd
File: umsb.fd 2013/01/14 v3.01 AMS symbols B
)
LaTeX Font Info:    Try loading font information for U+wasy on input line 58.

(/users/soft/texlive/2018/texmf-dist/tex/latex/wasysym/uwasy.fd
File: uwasy.fd 2003/10/30 v2.0 Wasy-2 symbol font definitions
)
LaTeX Font Info:    Try loading font information for OT1+mathkerncmss on input 
line 58.

(/users/soft/texlive/2018/texmf-dist/tex/latex/sansmathaccent/ot1mathkerncmss.f
d
File: ot1mathkerncmss.fd 2013/03/27 Fontinst v1.933 font definitions for OT1/ma
thkerncmss.
)
File: logos/TUKL_LOGO_RGB.png Graphic file (type png)
<use logos/TUKL_LOGO_RGB.png>
Package pdftex.def Info: logos/TUKL_LOGO_RGB.png  used on input line 58.
(pdftex.def)             Requested size: 63.73529pt x 12.3044pt.

Overfull \hbox (4.16711pt too wide) has occurred while \output is active
 |  [] 
 []


Overfull \hbox (1.77086pt too wide) has occurred while \output is active
[][]
 []


Overfull \hbox (13.67857pt too wide) has occurred while \output is active
[][][] 
 []

[2

]
File: logos/TUKL_LOGO_RGB.png Graphic file (type png)
<use logos/TUKL_LOGO_RGB.png>
Package pdftex.def Info: logos/TUKL_LOGO_RGB.png  used on input line 76.
(pdftex.def)             Requested size: 63.73529pt x 12.3044pt.

Overfull \hbox (4.16711pt too wide) has occurred while \output is active
 |  [] 
 []


Overfull \hbox (1.77086pt too wide) has occurred while \output is active
[][]
 []


Overfull \hbox (13.67857pt too wide) has occurred while \output is active
[][][] 
 []

[3

]
File: logos/TUKL_LOGO_RGB.png Graphic file (type png)
<use logos/TUKL_LOGO_RGB.png>
Package pdftex.def Info: logos/TUKL_LOGO_RGB.png  used on input line 83.
(pdftex.def)             Requested size: 63.73529pt x 12.3044pt.

Overfull \hbox (4.16711pt too wide) has occurred while \output is active
 |  [] 
 []


Overfull \hbox (1.77086pt too wide) has occurred while \output is active
[][]
 []


Overfull \hbox (13.67857pt too wide) has occurred while \output is active
[][][] 
 []

[4

]
File: logos/TUKL_LOGO_RGB.png Graphic file (type png)
<use logos/TUKL_LOGO_RGB.png>
Package pdftex.def Info: logos/TUKL_LOGO_RGB.png  used on input line 96.
(pdftex.def)             Requested size: 63.73529pt x 12.3044pt.

Overfull \hbox (4.16711pt too wide) has occurred while \output is active
 |  [] 
 []


Overfull \hbox (1.77086pt too wide) has occurred while \output is active
[][]
 []


Overfull \hbox (13.67857pt too wide) has occurred while \output is active
[][][] 
 []

[5

]
File: logos/TUKL_LOGO_RGB.png Graphic file (type png)
<use logos/TUKL_LOGO_RGB.png>
Package pdftex.def Info: logos/TUKL_LOGO_RGB.png  used on input line 106.
(pdftex.def)             Requested size: 63.73529pt x 12.3044pt.

Overfull \hbox (4.16711pt too wide) has occurred while \output is active
 |  [] 
 []


Overfull \hbox (1.77086pt too wide) has occurred while \output is active
[][]
 []


Overfull \hbox (13.67857pt too wide) has occurred while \output is active
[][][] 
 []

[6

]
File: logos/TUKL_LOGO_RGB.png Graphic file (type png)
<use logos/TUKL_LOGO_RGB.png>
Package pdftex.def Info: logos/TUKL_LOGO_RGB.png  used on input line 115.
(pdftex.def)             Requested size: 63.73529pt x 12.3044pt.

Overfull \hbox (4.16711pt too wide) has occurred while \output is active
 |  [] 
 []


Overfull \hbox (1.77086pt too wide) has occurred while \output is active
[][]
 []


Overfull \hbox (13.67857pt too wide) has occurred while \output is active
[][][] 
 []

[7

]
File: logos/TUKL_LOGO_RGB.png Graphic file (type png)
<use logos/TUKL_LOGO_RGB.png>
Package pdftex.def Info: logos/TUKL_LOGO_RGB.png  used on input line 134.
(pdftex.def)             Requested size: 63.73529pt x 12.3044pt.

Overfull \hbox (4.16711pt too wide) has occurred while \output is active
 |  [] 
 []


Overfull \hbox (1.77086pt too wide) has occurred while \output is active
[][]
 []


Overfull \hbox (13.67857pt too wide) has occurred while \output is active
[][][] 
 []

[8

]
File: logos/TUKL_LOGO_RGB.png Graphic file (type png)
<use logos/TUKL_LOGO_RGB.png>
Package pdftex.def Info: logos/TUKL_LOGO_RGB.png  used on input line 145.
(pdftex.def)             Requested size: 63.73529pt x 12.3044pt.

Overfull \hbox (4.16711pt too wide) has occurred while \output is active
 |  [] 
 []


Overfull \hbox (1.77086pt too wide) has occurred while \output is active
[][]
 []


Overfull \hbox (13.67857pt too wide) has occurred while \output is active
[][][] 
 []

[9

]
File: logos/TUKL_LOGO_RGB.png Graphic file (type png)
<use logos/TUKL_LOGO_RGB.png>
Package pdftex.def Info: logos/TUKL_LOGO_RGB.png  used on input line 153.
(pdftex.def)             Requested size: 63.73529pt x 12.3044pt.

Overfull \hbox (4.16711pt too wide) has occurred while \output is active
 |  [] 
 []


Overfull \hbox (1.77086pt too wide) has occurred while \output is active
[][]
 []


Overfull \hbox (13.67857pt too wide) has occurred while \output is active
[][][] 
 []

[10

]
File: logos/TUKL_LOGO_RGB.png Graphic file (type png)
<use logos/TUKL_LOGO_RGB.png>
Package pdftex.def Info: logos/TUKL_LOGO_RGB.png  used on input line 161.
(pdftex.def)             Requested size: 63.73529pt x 12.3044pt.

Overfull \hbox (4.16711pt too wide) has occurred while \output is active
 |  [] 
 []


Overfull \hbox (1.77086pt too wide) has occurred while \output is active
[][]
 []


Overfull \hbox (13.67857pt too wide) has occurred while \output is active
[][][] 
 []

[11

]
File: logos/TUKL_LOGO_RGB.png Graphic file (type png)
<use logos/TUKL_LOGO_RGB.png>
Package pdftex.def Info: logos/TUKL_LOGO_RGB.png  used on input line 166.
(pdftex.def)             Requested size: 63.73529pt x 12.3044pt.

Overfull \hbox (4.16711pt too wide) has occurred while \output is active
 |  [] 
 []


Overfull \hbox (1.77086pt too wide) has occurred while \output is active
[][]
 []


Overfull \hbox (13.67857pt too wide) has occurred while \output is active
[][][] 
 []

[12

]
File: logos/TUKL_LOGO_RGB.png Graphic file (type png)
<use logos/TUKL_LOGO_RGB.png>
Package pdftex.def Info: logos/TUKL_LOGO_RGB.png  used on input line 170.
(pdftex.def)             Requested size: 63.73529pt x 12.3044pt.

Overfull \hbox (4.16711pt too wide) has occurred while \output is active
 |  [] 
 []


Overfull \hbox (1.77086pt too wide) has occurred while \output is active
[][]
 []


Overfull \hbox (13.67857pt too wide) has occurred while \output is active
[][][] 
 []

[13

]
\tf@nav=\write6
\openout6 = `Fachpraktikum.nav'.

\tf@toc=\write7
\openout7 = `Fachpraktikum.toc'.

\tf@snm=\write8
\openout8 = `Fachpraktikum.snm'.



Package movie15 Warning: @@@@@@@@@@@@@@@@@@@@@@@@@@@@@@@@@@@@@@@
(movie15)                @@ Package `movie15' is obsolete and @@
(movie15)                @@ superseded by `media9'.           @@
(movie15)                @@@@@@@@@@@@@@@@@@@@@@@@@@@@@@@@@@@@@@@.

Package atveryend Info: Empty hook `BeforeClearDocument' on input line 172.
Package atveryend Info: Empty hook `AfterLastShipout' on input line 172.
(./Fachpraktikum.aux)
Package atveryend Info: Executing hook `AtVeryEndDocument' on input line 172.
Package atveryend Info: Executing hook `AtEndAfterFileList' on input line 172.
Package rerunfilecheck Info: File `Fachpraktikum.out' has not changed.
(rerunfilecheck)             Checksum: D41D8CD98F00B204E9800998ECF8427E;0.
 ) 
Here is how much of TeX's memory you used:
 22136 strings out of 492642
 428794 string characters out of 6128894
 546075 words of memory out of 5000000
 25457 multiletter control sequences out of 15000+600000
 9295 words of font info for 35 fonts, out of 8000000 for 9000
 1141 hyphenation exceptions out of 8191
 60i,19n,75p,807b,632s stack positions out of 5000i,500n,10000p,200000b,80000s
</users/soft/texlive/2018/texmf-dist/fonts/type1/public/amsfonts/cm/cmmi10.pf
b></users/soft/texlive/2018/texmf-dist/fonts/type1/public/amsfonts/cm/cmmi7.pfb
></users/soft/texlive/2018/texmf-dist/fonts/type1/public/amsfonts/cm/cmss10.pfb
></users/soft/texlive/2018/texmf-dist/fonts/type1/public/amsfonts/cm/cmss12.pfb
></users/soft/texlive/2018/texmf-dist/fonts/type1/public/amsfonts/cm/cmss8.pfb>
</users/soft/texlive/2018/texmf-dist/fonts/type1/public/amsfonts/cm/cmssi10.pfb
></users/soft/texlive/2018/texmf-dist/fonts/type1/public/amsfonts/cm/cmssi8.pfb
></users/soft/texlive/2018/texmf-dist/fonts/type1/public/amsfonts/cm/cmsy10.pfb
></users/soft/texlive/2018/texmf-dist/fonts/type1/public/amsfonts/cm/cmsy7.pfb>
</users/soft/texlive/2018/texmf-dist/fonts/type1/public/amsfonts/symbols/msbm10
.pfb>
Output written on Fachpraktikum.pdf (13 pages, 127174 bytes).
PDF statistics:
 412 PDF objects out of 1000 (max. 8388607)
 373 compressed objects within 4 object streams
 27 named destinations out of 1000 (max. 500000)
 54 words of extra memory for PDF output out of 10000 (max. 10000000)

